Arguments: 
  C:\Program Files\nodejs\node.exe C:\Users\juassic\AppData\Roaming\npm\node_modules\yarn\bin\yarn.js add moment

PATH: 
  C:\Program Files\Java\jdk-17.0.10\bin;C:\Program Files\Java\jdk8u402\bin;C:\Python27\;C:\Python27\Scripts;C:\instantclient_21_9;C:\app\client\juassic\product\12.1.0\client_1\bin;C:\Program Files\Common Files\Oracle\Java\javapath;C:\Program Files (x86)\Common Files\Oracle\Java\javapath;C:\Program Files\Microsoft\jdk-11.0.16.101-hotspot\bin;C:\Program Files\Microsoft MPI\Bin\;C:\Program Files\Eclipse Foundation\jdk-8.0.302.8-hotspot\bin;C:\Python27\Scripts\;C:\Program Files (x86)\Common Files\Intel\Shared Libraries\redist\intel64\compiler;C:\WINDOWS\system32;C:\WINDOWS;C:\WINDOWS\System32\Wbem;C:\WINDOWS\System32\WindowsPowerShell\v1.0\;C:\WINDOWS\System32\OpenSSH\;C:\Program Files\Calibre2\;C:\Program Files\dotnet\;C:\Program Files\Microsoft SQL Server\130\Tools\Binn\;C:\Program Files\Microsoft SQL Server\Client SDK\ODBC\170\Tools\Binn\;C:\ProgramData\chocolatey\bin;C:\Program Files (x86)\Google\Cloud SDK\google-cloud-sdk\bin;C:\Program Files\ISC BIND 9\bin;C:\Users\juassic\AppData\Local\Android\Sdk\platform-tools;C:\Users\juassic\AppData\Local\Android\Sdk\cmdline-tools\latest\bin;C:\Users\juassic\AppData\Local\Android\Sdk\tools\emulator;C:\Program Files\PuTTY\;C:\Program Files\RabbitMQ Server\rabbitmq_server-3.11.8\sbin;C:\Program Files (x86)\Windows Kits\10\Windows Performance Toolkit\;C:\Program Files\NVIDIA Corporation\NVIDIA NvDLISR;C:\Program Files (x86)\NVIDIA Corporation\PhysX\Common;C:\Users\juassic\AppData\Roaming\nvm;C:\Program Files\nodejs;C:\Program Files (x86)\Microsoft SQL Server\160\Tools\Binn\;C:\Program Files\Microsoft SQL Server\160\Tools\Binn\;C:\Program Files\Microsoft SQL Server\160\DTS\Binn\;C:\Program Files (x86)\Microsoft SQL Server\160\DTS\Binn\;C:\Program Files\Microsoft SQL Server\150\Tools\Binn\;C:\Program Files (x86)\WiX Toolset v3.11\bin;C:\Program Files\Docker\Docker\resources\bin;C:\Program Files\Git\cmd;C:\Program Files\TortoiseSVN\bin;C:\Users\juassic\svn\bin;C:\Users\juassic\jboss-eap-7.3\bin;C:\Program Files (x86)\Incredibuild;C:\Gradle\gradle-8.4\bin;C:\Program Files\Java\jdk8u402\bin;C:\Users\juassic\AppData\Local\Programs\Python\Python310\Scripts\;C:\Users\juassic\AppData\Local\Programs\Python\Python310\;C:\Users\juassic\AppData\Local\Microsoft\WindowsApps;C:\Users\juassic\AppData\Local\Google\Cloud SDK\google-cloud-sdk\bin;C:\php564;C:\Users\juassic\AppData\Roaming\Composer\vendor\bin;C:\Python27;C:\Program Files\IBM\Cloud\bin;C:\Program Files\JetBrains\JetBrains Gateway 2022.2\bin;;C:\tools\dart-sdk\bin;C:\Users\juassic\AppData\Roaming\Pub\Cache\bin;C:\tools\flutter\bin;C:\Users\juassic\AppData\Local\Programs\Microsoft VS Code\bin;C:\Program Files\PuTTY;C:\Program Files\Git\cmd;C:\Program Files (x86)\WinSCP;C:\Program Files\TortoiseGit\bin;C:\Program Files\Maven\apache-maven-3.8.7;C:\Program Files\Maven\apache-maven-3.6.0\bin;C:\Users\juassic\AppData\Local\nvs\;C:\Users\juassic\AppData\Roaming\npm;C:\Program Files\PostgreSQL\14\bin;C:\Program Files\JetBrains\DataGrip 2021.1.3\bin;C:\Program Files\heroku\bin;C:\Users\juassic\AppData\Roaming\nvm;C:\Program Files\nodejs;C:\Program Files\Azure Data Studio\bin;C:\Program Files (x86)\WiX Toolset v3.11\bin;C:\Users\juassic\svn\bin;C:\Users\juassic\.dotnet\tools;

Yarn version: 
  1.22.10

Node version: 
  18.13.0

Platform: 
  win32 x64

Trace: 
  Error: EPERM: operation not permitted, unlink 'E:\Desarrollo\WebstormProjects\CastorXML-API\node_modules\bcrypt\lib\binding\napi-v3\bcrypt_lib.node'

npm manifest: 
  {
    "name": "castor-xml",
    "version": "1.0.0",
    "description": "API FacilContabilidad",
    "main": "main.js",
    "scripts": {
      "deploy": "gcloud app deploy",
      "start": "npm run --max_old_space_size=4096 clusters && npm run apidoc",
      "lint": "repo-tools lint",
      "pretest": "npm run lint",
      "clusters": "babel-node clusters.js",
      "clean": "rimraf dist",
      "apidoc": "apidoc -i routes/ -o public/apidoc"
    },
    "apidoc": {
      "name": "castorX API Docs V1",
      "version": "1.0.0",
      "description": "Documentación de API para CastorX",
      "apidoc": {
        "title": "CastorX API",
        "url": "https://castorx.github.com/v1"
      },
      "template": {
        "forceLanguage": "es"
      }
    },
    "repository": {
      "type": "git",
      "url": "https://github.com/jackrom/CastorXML-API"
    },
    "keywords": [
      "6662115JcRc"
    ],
    "author": "Juan Carlos Reyes C",
    "license": "ISC",
    "dependencies": {
      "babel-cli": "^6.26.0",
      "babel-core": "^6.26.3",
      "babel-node": "^0.0.1-security",
      "babel-preset-env": "^1.7.0",
      "babel-register": "^6.26.0",
      "base64-stream": "^1.0.0",
      "bcrypt": "^5.0.1",
      "bluebird": "^3.7.2",
      "body-parser": "^1.18.3",
      "compression": "^1.7.3",
      "consign": "^0.1.6",
      "cors": "^2.8.5",
      "dotenv": "^16.3.1",
      "emailjs-imap-client": "^3.1.0",
      "eslint": "^5.15.1",
      "express": "^4.17.1",
      "express-fileupload": "^1.2.0",
      "handlebars": "^4.7.6",
      "helmet": "^3.15.0",
      "imap": "^0.8.19",
      "jsonwebtoken": "^9.0.0",
      "jwt-simple": "^0.5.5",
      "mailersend": "^2.2.0",
      "mailparser": "^3.1.0",
      "morgan": "^1.10.0",
      "multer": "^1.4.2",
      "mysql2": "^1.5.3",
      "node-pop3": "^0.6.0",
      "nodemailer": "^6.6.0",
      "passport": "^0.6.0",
      "passport-jwt": "^4.0.0",
      "pusher": "^5.0.0",
      "request": "^2.88.2",
      "rimraf": "^3.0.0",
      "sequelize": "^6.21.0",
      "soap": "^1.0.0",
      "tedious": "^3.0.1",
      "winston": "^3.1.0"
    },
    "devDependencies": {
      "@google-cloud/nodejs-repo-tools": "^3.3.0",
      "apidoc": "^1.0.2",
      "semistandard": "^16.0.1"
    },
    "engine": {
      "node": "14.21.3",
      "npm": "6.14.18"
    }
  }

yarn manifest: 
  No manifest

Lockfile: 
  No lockfile
